
> website@0.1.0 build /Users/notrab/github.com/namehash/nameguard/apps/website
> next build

   Creating an optimized production build ...
 ⚠ Compiled with warnings

../../node_modules/.pnpm/node-fetch@2.7.0/node_modules/node-fetch/lib/index.js
Module not found: Can't resolve 'encoding' in '/Users/notrab/github.com/namehash/nameguard/node_modules/.pnpm/node-fetch@2.7.0/node_modules/node-fetch/lib'

Import trace for requested module:
../../node_modules/.pnpm/node-fetch@2.7.0/node_modules/node-fetch/lib/index.js
../../node_modules/.pnpm/cross-fetch@4.0.0/node_modules/cross-fetch/dist/node-ponyfill.js
../../packages/sdk/dist/index.js
./src/app/report/[slug]/page.tsx

../../node_modules/.pnpm/node-fetch@2.7.0/node_modules/node-fetch/lib/index.js
Module not found: Can't resolve 'encoding' in '/Users/notrab/github.com/namehash/nameguard/node_modules/.pnpm/node-fetch@2.7.0/node_modules/node-fetch/lib'

Import trace for requested module:
../../node_modules/.pnpm/node-fetch@2.7.0/node_modules/node-fetch/lib/index.js
../../node_modules/.pnpm/cross-fetch@4.0.0/node_modules/cross-fetch/dist/node-ponyfill.js
../../node_modules/.pnpm/@namehash+nameguard@0.0.5/node_modules/@namehash/nameguard/dist/index.cjs
../../packages/nameguard-react/dist/index.js
./src/components/Search.tsx

   Linting and checking validity of types ...
   Collecting page data ...
   Generating static pages (0/5) ...
   Generating static pages (1/5) 
   Generating static pages (2/5) 
   Generating static pages (3/5) 
 ✓ Generating static pages (5/5) 
   Finalizing page optimization ...
   Collecting build traces ...

Route (app)                              Size     First Load JS
┌ ○ /                                    145 B          80.6 kB
├ ○ /_not-found                          883 B          81.3 kB
├ λ /report/[slug]                       145 B          80.6 kB
└ ○ /search                              27.2 kB         108 kB
+ First Load JS shared by all            80.4 kB
  ├ chunks/911-765105b44c1ea1bc.js       27.5 kB
  ├ chunks/9d221860-0977e4fc8c3a2275.js  50.9 kB
  ├ chunks/main-app-74e6977f832a8f94.js  232 B
  └ chunks/webpack-03d67321084d7ad7.js   1.79 kB


λ  (Server)  server-side renders at runtime (uses getInitialProps or getServerSideProps)
○  (Static)  automatically rendered as static HTML (uses no initial props)

