
> @namehash/nameguard@0.0.6 build /Users/notrab/github.com/namehash/nameguard/packages/sdk
> tsup

CLI Building entry: src/index.ts
CLI Using tsconfig: tsconfig.json
CLI tsup v7.2.0
CLI Using tsup config: /Users/notrab/github.com/namehash/nameguard/packages/sdk/tsup.config.js
CLI Target: es2016
CLI Cleaning output folder
ESM Build start
CJS Build start
ESM dist/index.js     11.63 KB
ESM dist/index.js.map 33.29 KB
ESM ⚡️ Build success in 45ms
CJS dist/index.cjs     12.06 KB
CJS dist/index.cjs.map 33.29 KB
CJS ⚡️ Build success in 50ms
DTS Build start
DTS ⚡️ Build success in 555ms
DTS dist/index.d.ts  20.57 KB
DTS dist/index.d.cts 20.57 KB
