
> @namehash/nameguard-react@0.0.3 build /Users/notrab/github.com/namehash/nameguard/packages/nameguard-react
> tsup

CLI Building entry: src/index.ts
CLI Using tsconfig: tsconfig.json
CLI tsup v7.2.0
CLI Using tsup config: /Users/notrab/github.com/namehash/nameguard/packages/nameguard-react/tsup.config.js
CLI Target: es6
CLI Cleaning output folder
ESM Build start
CJS Build start
ESM dist/index.mjs     27.94 KB
ESM dist/index.mjs.map 34.99 KB
ESM ⚡️ Build success in 55ms
CJS dist/index.js     29.11 KB
CJS dist/index.js.map 34.93 KB
CJS ⚡️ Build success in 60ms
DTS Build start
DTS ⚡️ Build success in 481ms
DTS dist/index.d.mts 649.00 B
DTS dist/index.d.ts  649.00 B
